2025-11-23 22:45:10,146 - src.data_loader - INFO - Loading data from /mnt/data/all_datasets_merged.csv
2025-11-23 22:45:10,148 - src.data_loader - ERROR - Data file not found: /mnt/data/all_datasets_merged.csv
2025-11-23 22:45:30,605 - src.data_loader - INFO - Loading data from /mnt/data/all_datasets_merged.csv
2025-11-23 22:45:30,606 - src.data_loader - ERROR - Data file not found: /mnt/data/all_datasets_merged.csv
2025-11-23 22:45:48,389 - src.data_loader - INFO - Loading data from C:\Users\rahul\Documents\code\projects\ir prediction\all_datasets_merged.csv
2025-11-23 22:45:48,391 - src.data_loader - ERROR - Data file not found: C:\Users\rahul\Documents\code\projects\ir prediction\all_datasets_merged.csv
2025-11-23 22:46:00,952 - src.data_loader - INFO - Loading data from C:\Users\rahul\Documents\code\projects\ir prediction\data\all_datasets_merged.csv
2025-11-23 22:46:01,310 - src.data_loader - INFO - Loaded 57092 records with 61 columns
2025-11-23 22:46:01,358 - src.data_loader - INFO - Creating 'ir_label' from fasting_glucose and fasting_insulin using HOMA-IR
2025-11-23 22:46:01,379 - src.data_loader - WARNING - Dropped 50000 rows with missing fasting_glucose/fasting_insulin
2025-11-23 22:46:01,380 - src.data_loader - INFO - Created 'ir_label' based on HOMA-IR threshold 2.5
2025-11-23 22:46:01,384 - src.data_loader - INFO - Target variable 'ir_label' distribution:
ir_label
1    5670
0    1422
Name: count, dtype: int64
2025-11-23 22:46:01,385 - src.data_loader - WARNING - Found 2 records with invalid age values
2025-11-23 22:46:01,394 - src.data_loader - INFO - Data validation complete: 7090 records remaining
2025-11-24 18:24:07,368 - src.data_loader - INFO - Loading data from /mnt/data/all_datasets_merged.csv
2025-11-24 18:24:07,438 - src.data_loader - ERROR - Data file not found: /mnt/data/all_datasets_merged.csv
2025-11-24 18:24:24,044 - src.data_loader - INFO - Loading data from c:\Users\rahul\Documents\code\projects\ir prediction\all_datasets_merged.csv
2025-11-24 18:24:24,052 - src.data_loader - ERROR - Data file not found: c:\Users\rahul\Documents\code\projects\ir prediction\all_datasets_merged.csv
2025-11-24 18:25:04,113 - src.data_loader - INFO - Loading data from c:\Users\rahul\Documents\code\projects\ir prediction\data\all_datasets_merged.csv
2025-11-24 18:25:04,417 - src.data_loader - INFO - Loaded 57092 records with 61 columns
2025-11-24 18:25:04,453 - src.data_loader - INFO - Creating 'ir_label' from fasting_glucose and fasting_insulin using HOMA-IR (non-dropping)
2025-11-24 18:25:04,456 - src.data_loader - INFO - Label created; homa_ir retained only in temporary computation
2025-11-24 18:25:04,459 - src.data_loader - INFO - Target variable 'ir_label' distribution:
ir_label
0    51422
1     5670
Name: count, dtype: int64
2025-11-24 18:25:04,461 - src.data_loader - WARNING - Found 2 records with invalid age values
2025-11-24 18:25:04,494 - src.data_loader - INFO - Data validation complete: 57090 records remaining
2025-11-24 18:25:52,918 - src.data_loader - INFO - Loading data from c:\Users\rahul\Documents\code\projects\ir prediction\data\all_datasets_merged.csv
2025-11-24 18:25:53,205 - src.data_loader - INFO - Loaded 57092 records with 61 columns
2025-11-24 18:25:53,234 - src.data_loader - INFO - Creating 'ir_label' from fasting_glucose and fasting_insulin using HOMA-IR (non-dropping)
2025-11-24 18:25:53,237 - src.data_loader - INFO - Label created; homa_ir retained only in temporary computation
2025-11-24 18:25:53,238 - src.data_loader - INFO - Target variable 'ir_label' distribution:
ir_label
0    51422
1     5670
Name: count, dtype: int64
2025-11-24 18:25:53,239 - src.data_loader - WARNING - Found 2 records with invalid age values
2025-11-24 18:25:53,265 - src.data_loader - INFO - Data validation complete: 57090 records remaining
2025-11-24 22:30:36,697 - src.data_loader - INFO - Loading data from /mnt/data/all_datasets_merged.csv
2025-11-24 22:30:36,740 - src.data_loader - ERROR - Data file not found: /mnt/data/all_datasets_merged.csv
2025-11-24 22:30:36,743 - src.data_loader - INFO - Loading data from C:\Users\rahul\Documents\code\projects\ir prediction\data\all_datasets_merged.csv
2025-11-24 22:30:36,992 - src.data_loader - INFO - Loaded 57092 records with 61 columns
2025-11-24 22:30:37,026 - src.data_loader - INFO - Creating 'ir_label' from fasting_glucose and fasting_insulin using HOMA-IR
2025-11-24 22:30:37,039 - src.data_loader - INFO - Created 'ir_label'. Rows remaining: 7092
2025-11-24 22:30:37,042 - src.data_loader - INFO - Target variable 'ir_label' distribution:
ir_label
1    5670
0    1422
Name: count, dtype: int64
2025-11-24 22:30:37,043 - src.data_loader - WARNING - Found 2 records with invalid age values
2025-11-24 22:30:37,050 - src.data_loader - INFO - Data validation complete: 7090 records remaining
2025-11-27 22:22:58,218 - src.data_loader - INFO - Loading data from /mnt/data/all_datasets_merged.csv
2025-11-27 22:22:58,296 - src.data_loader - ERROR - Data file not found: /mnt/data/all_datasets_merged.csv
2025-11-27 22:22:58,299 - src.data_loader - INFO - Loading data from C:\Users\rahul\Documents\code\projects\ir prediction\data\all_datasets_merged.csv
2025-11-27 22:22:58,659 - src.data_loader - INFO - Loaded 57092 records with 61 columns
2025-11-27 22:22:58,690 - src.data_loader - INFO - Creating 'ir_label' from fasting_glucose and fasting_insulin using HOMA-IR
2025-11-27 22:22:58,704 - src.data_loader - INFO - Created 'ir_label'. Rows remaining: 7092
2025-11-27 22:22:58,708 - src.data_loader - INFO - Target variable 'ir_label' distribution:
ir_label
1    5670
0    1422
Name: count, dtype: int64
2025-11-27 22:22:58,710 - src.data_loader - WARNING - Found 2 records with invalid age values
2025-11-27 22:22:58,715 - src.data_loader - INFO - Data validation complete: 7090 records remaining
2025-11-27 22:29:49,564 - src.data_loader - INFO - Loading data from /mnt/data/all_datasets_merged.csv
2025-11-27 22:29:49,570 - src.data_loader - ERROR - Data file not found: /mnt/data/all_datasets_merged.csv
2025-11-27 22:29:49,571 - src.data_loader - INFO - Loading data from C:\Users\rahul\Documents\code\projects\ir prediction\data\all_datasets_merged.csv
2025-11-27 22:29:49,771 - src.data_loader - INFO - Loaded 57092 records with 61 columns
2025-11-27 22:29:49,796 - src.data_loader - INFO - Creating 'ir_label' from fasting_glucose and fasting_insulin using HOMA-IR
2025-11-27 22:29:49,809 - src.data_loader - INFO - Created 'ir_label'. Rows remaining: 7092
2025-11-27 22:29:49,812 - src.data_loader - INFO - Target variable 'ir_label' distribution:
ir_label
1    5670
0    1422
Name: count, dtype: int64
2025-11-27 22:29:49,813 - src.data_loader - WARNING - Found 2 records with invalid age values
2025-11-27 22:29:49,819 - src.data_loader - INFO - Data validation complete: 7090 records remaining
