2025-11-23 22:46:27,601 - src.ensemble - INFO - Generating OOF for model 1/4: xgboost
2025-11-23 22:46:31,076 - src.ensemble - INFO - ✓ Completed OOF for xgboost
2025-11-23 22:46:31,077 - src.ensemble - INFO - Generating OOF for model 2/4: lightgbm
2025-11-23 22:46:36,338 - src.ensemble - INFO - ✓ Completed OOF for lightgbm
2025-11-23 22:46:36,339 - src.ensemble - INFO - Generating OOF for model 3/4: catboost
2025-11-23 22:46:53,913 - src.ensemble - INFO - ✓ Completed OOF for catboost
2025-11-23 22:46:53,913 - src.ensemble - INFO - Generating OOF for model 4/4: gradboost
2025-11-23 22:48:04,076 - src.ensemble - INFO - ✓ Completed OOF for gradboost
2025-11-23 22:48:04,085 - src.ensemble - INFO - OOF features shape: train=(4962, 4), val=(1064, 4)
2025-11-23 22:48:04,086 - src.ensemble - INFO - Training meta-learner on (4962, 4) OOF features
2025-11-23 22:48:04,141 - src.ensemble - INFO - C=0.01: CV AUC=1.0000
2025-11-23 22:48:04,188 - src.ensemble - INFO - C=0.1: CV AUC=1.0000
2025-11-23 22:48:04,234 - src.ensemble - INFO - C=1.0: CV AUC=1.0000
2025-11-23 22:48:04,280 - src.ensemble - INFO - C=10.0: CV AUC=1.0000
2025-11-23 22:48:04,280 - src.ensemble - INFO - ✓ Best C=0.01 (CV AUC=1.0000)
2025-11-23 22:48:04,308 - src.ensemble - INFO - Stacking classifier validated - AUC: 1.0000, F1: 0.9994
2025-11-25 00:19:37,249 - src.ensemble - INFO - Generating OOF for model 1/4: xgboost
2025-11-25 00:19:38,513 - src.ensemble - INFO - ✓ Completed OOF for xgboost
2025-11-25 00:19:38,515 - src.ensemble - INFO - Generating OOF for model 2/4: lightgbm
2025-11-25 00:19:39,700 - src.ensemble - INFO - ✓ Completed OOF for lightgbm
2025-11-25 00:19:39,702 - src.ensemble - INFO - Generating OOF for model 3/4: catboost
2025-11-25 00:19:43,413 - src.ensemble - INFO - ✓ Completed OOF for catboost
2025-11-25 00:19:43,415 - src.ensemble - INFO - Generating OOF for model 4/4: gradboost
2025-11-25 00:19:59,004 - src.ensemble - INFO - ✓ Completed OOF for gradboost
2025-11-25 00:19:59,006 - src.ensemble - INFO - OOF features shape: train=(4962, 4), val=(1064, 4)
2025-11-25 00:19:59,009 - src.ensemble - INFO - Training meta-learner on (4962, 4) OOF features
2025-11-25 00:19:59,067 - src.ensemble - INFO - C=0.01: CV AUC=0.7730
2025-11-25 00:19:59,111 - src.ensemble - INFO - C=0.1: CV AUC=0.7728
2025-11-25 00:19:59,166 - src.ensemble - INFO - C=1.0: CV AUC=0.7726
2025-11-25 00:19:59,223 - src.ensemble - INFO - C=10.0: CV AUC=0.7726
2025-11-25 00:19:59,225 - src.ensemble - INFO - ✓ Best C=0.01 (CV AUC=0.7730)
2025-11-25 00:19:59,262 - src.ensemble - INFO - Stacking classifier validated - AUC: 0.7637, F1: 0.8713
2025-11-27 22:29:57,030 - src.ensemble - INFO - Generating OOF for model 1/4: xgboost
2025-11-27 22:29:57,687 - src.ensemble - INFO - ✓ Completed OOF for xgboost
2025-11-27 22:29:57,688 - src.ensemble - INFO - Generating OOF for model 2/4: lightgbm
2025-11-27 22:29:58,436 - src.ensemble - INFO - ✓ Completed OOF for lightgbm
2025-11-27 22:29:58,437 - src.ensemble - INFO - Generating OOF for model 3/4: catboost
2025-11-27 22:30:00,476 - src.ensemble - INFO - ✓ Completed OOF for catboost
2025-11-27 22:30:00,477 - src.ensemble - INFO - Generating OOF for model 4/4: gradboost
2025-11-27 22:30:08,786 - src.ensemble - INFO - ✓ Completed OOF for gradboost
2025-11-27 22:30:08,787 - src.ensemble - INFO - OOF features shape: train=(4962, 4), val=(1064, 4)
2025-11-27 22:30:08,788 - src.ensemble - INFO - Training meta-learner on (4962, 4) OOF features
2025-11-27 22:30:08,822 - src.ensemble - INFO - C=0.01: CV AUC=0.7730
2025-11-27 22:30:08,847 - src.ensemble - INFO - C=0.1: CV AUC=0.7728
2025-11-27 22:30:08,877 - src.ensemble - INFO - C=1.0: CV AUC=0.7726
2025-11-27 22:30:08,907 - src.ensemble - INFO - C=10.0: CV AUC=0.7726
2025-11-27 22:30:08,908 - src.ensemble - INFO - ✓ Best C=0.01 (CV AUC=0.7730)
2025-11-27 22:30:08,922 - src.ensemble - INFO - Stacking classifier validated - AUC: 0.7637, F1: 0.8713
